<?xml version="1.0" encoding="UTF-8"?>
<testsuite xmlns:xsi="http://www.w3.org/2001/XMLSchema-instance" xsi:noNamespaceSchemaLocation="https://maven.apache.org/surefire/maven-surefire-plugin/xsd/surefire-test-report.xsd" name="guru.springframework.sfgjms.SfgJmsApplicationTests" time="2.775" tests="1" errors="0" skipped="0" failures="0">
  <properties>
    <property name="sun.desktop" value="gnome"/>
    <property name="awt.toolkit" value="sun.awt.X11.XToolkit"/>
    <property name="java.specification.version" value="11"/>
    <property name="sun.cpu.isalist" value=""/>
    <property name="sun.jnu.encoding" value="UTF-8"/>
    <property name="java.class.path" value="/home/stefanini/Workspaces/java-workspace/sfg-jms/target/test-classes:/home/stefanini/Workspaces/java-workspace/sfg-jms/target/classes:/home/stefanini/.m2/repository/org/springframework/boot/spring-boot-starter-artemis/2.1.6.RELEASE/spring-boot-starter-artemis-2.1.6.RELEASE.jar:/home/stefanini/.m2/repository/org/springframework/boot/spring-boot-starter/2.1.6.RELEASE/spring-boot-starter-2.1.6.RELEASE.jar:/home/stefanini/.m2/repository/org/springframework/boot/spring-boot-starter-logging/2.1.6.RELEASE/spring-boot-starter-logging-2.1.6.RELEASE.jar:/home/stefanini/.m2/repository/ch/qos/logback/logback-classic/1.2.3/logback-classic-1.2.3.jar:/home/stefanini/.m2/repository/ch/qos/logback/logback-core/1.2.3/logback-core-1.2.3.jar:/home/stefanini/.m2/repository/org/apache/logging/log4j/log4j-to-slf4j/2.11.2/log4j-to-slf4j-2.11.2.jar:/home/stefanini/.m2/repository/org/apache/logging/log4j/log4j-api/2.11.2/log4j-api-2.11.2.jar:/home/stefanini/.m2/repository/org/slf4j/jul-to-slf4j/1.7.26/jul-to-slf4j-1.7.26.jar:/home/stefanini/.m2/repository/javax/annotation/javax.annotation-api/1.3.2/javax.annotation-api-1.3.2.jar:/home/stefanini/.m2/repository/org/yaml/snakeyaml/1.23/snakeyaml-1.23.jar:/home/stefanini/.m2/repository/org/springframework/spring-jms/5.1.8.RELEASE/spring-jms-5.1.8.RELEASE.jar:/home/stefanini/.m2/repository/org/springframework/spring-beans/5.1.8.RELEASE/spring-beans-5.1.8.RELEASE.jar:/home/stefanini/.m2/repository/org/springframework/spring-messaging/5.1.8.RELEASE/spring-messaging-5.1.8.RELEASE.jar:/home/stefanini/.m2/repository/org/springframework/spring-tx/5.1.8.RELEASE/spring-tx-5.1.8.RELEASE.jar:/home/stefanini/.m2/repository/org/apache/activemq/artemis-jms-client/2.6.4/artemis-jms-client-2.6.4.jar:/home/stefanini/.m2/repository/javax/jms/javax.jms-api/2.0.1/javax.jms-api-2.0.1.jar:/home/stefanini/.m2/repository/javax/json/javax.json-api/1.1.4/javax.json-api-1.1.4.jar:/home/stefanini/.m2/repository/org/apache/activemq/artemis-server/2.6.4/artemis-server-2.6.4.jar:/home/stefanini/.m2/repository/org/jboss/logging/jboss-logging/3.3.2.Final/jboss-logging-3.3.2.Final.jar:/home/stefanini/.m2/repository/org/jboss/logmanager/jboss-logmanager/2.0.3.Final/jboss-logmanager-2.0.3.Final.jar:/home/stefanini/.m2/repository/org/apache/activemq/artemis-commons/2.6.4/artemis-commons-2.6.4.jar:/home/stefanini/.m2/repository/org/apache/activemq/artemis-selector/2.6.4/artemis-selector-2.6.4.jar:/home/stefanini/.m2/repository/org/apache/activemq/artemis-journal/2.6.4/artemis-journal-2.6.4.jar:/home/stefanini/.m2/repository/org/apache/activemq/artemis-jdbc-store/2.6.4/artemis-jdbc-store-2.6.4.jar:/home/stefanini/.m2/repository/org/apache/activemq/artemis-core-client/2.6.4/artemis-core-client-2.6.4.jar:/home/stefanini/.m2/repository/org/jgroups/jgroups/3.6.13.Final/jgroups-3.6.13.Final.jar:/home/stefanini/.m2/repository/org/apache/johnzon/johnzon-core/1.1.12/johnzon-core-1.1.12.jar:/home/stefanini/.m2/repository/org/apache/activemq/artemis-native/2.6.4/artemis-native-2.6.4.jar:/home/stefanini/.m2/repository/io/netty/netty-buffer/4.1.36.Final/netty-buffer-4.1.36.Final.jar:/home/stefanini/.m2/repository/io/netty/netty-transport/4.1.36.Final/netty-transport-4.1.36.Final.jar:/home/stefanini/.m2/repository/io/netty/netty-resolver/4.1.36.Final/netty-resolver-4.1.36.Final.jar:/home/stefanini/.m2/repository/io/netty/netty-codec-http/4.1.36.Final/netty-codec-http-4.1.36.Final.jar:/home/stefanini/.m2/repository/io/netty/netty-common/4.1.36.Final/netty-common-4.1.36.Final.jar:/home/stefanini/.m2/repository/io/netty/netty-handler/4.1.36.Final/netty-handler-4.1.36.Final.jar:/home/stefanini/.m2/repository/io/netty/netty-transport-native-epoll/4.1.36.Final/netty-transport-native-epoll-4.1.36.Final-linux-x86_64.jar:/home/stefanini/.m2/repository/io/netty/netty-transport-native-unix-common/4.1.36.Final/netty-transport-native-unix-common-4.1.36.Final.jar:/home/stefanini/.m2/repository/io/netty/netty-transport-native-kqueue/4.1.36.Final/netty-transport-native-kqueue-4.1.36.Final-osx-x86_64.jar:/home/stefanini/.m2/repository/io/netty/netty-codec/4.1.36.Final/netty-codec-4.1.36.Final.jar:/home/stefanini/.m2/repository/commons-beanutils/commons-beanutils/1.9.3/commons-beanutils-1.9.3.jar:/home/stefanini/.m2/repository/commons-collections/commons-collections/3.2.2/commons-collections-3.2.2.jar:/home/stefanini/.m2/repository/commons-io/commons-io/2.6/commons-io-2.6.jar:/home/stefanini/.m2/repository/org/apache/activemq/artemis-jms-server/2.6.4/artemis-jms-server-2.6.4.jar:/home/stefanini/.m2/repository/org/apache/activemq/artemis-service-extensions/2.6.4/artemis-service-extensions-2.6.4.jar:/home/stefanini/.m2/repository/org/apache/geronimo/specs/geronimo-jms_2.0_spec/1.0-alpha-2/geronimo-jms_2.0_spec-1.0-alpha-2.jar:/home/stefanini/.m2/repository/org/apache/geronimo/specs/geronimo-jta_1.1_spec/1.1.1/geronimo-jta_1.1_spec-1.1.1.jar:/home/stefanini/.m2/repository/org/springframework/boot/spring-boot-starter-web/2.1.6.RELEASE/spring-boot-starter-web-2.1.6.RELEASE.jar:/home/stefanini/.m2/repository/org/springframework/boot/spring-boot-starter-json/2.1.6.RELEASE/spring-boot-starter-json-2.1.6.RELEASE.jar:/home/stefanini/.m2/repository/com/fasterxml/jackson/core/jackson-databind/2.9.9/jackson-databind-2.9.9.jar:/home/stefanini/.m2/repository/com/fasterxml/jackson/core/jackson-annotations/2.9.0/jackson-annotations-2.9.0.jar:/home/stefanini/.m2/repository/com/fasterxml/jackson/core/jackson-core/2.9.9/jackson-core-2.9.9.jar:/home/stefanini/.m2/repository/com/fasterxml/jackson/datatype/jackson-datatype-jdk8/2.9.9/jackson-datatype-jdk8-2.9.9.jar:/home/stefanini/.m2/repository/com/fasterxml/jackson/datatype/jackson-datatype-jsr310/2.9.9/jackson-datatype-jsr310-2.9.9.jar:/home/stefanini/.m2/repository/com/fasterxml/jackson/module/jackson-module-parameter-names/2.9.9/jackson-module-parameter-names-2.9.9.jar:/home/stefanini/.m2/repository/org/springframework/boot/spring-boot-starter-tomcat/2.1.6.RELEASE/spring-boot-starter-tomcat-2.1.6.RELEASE.jar:/home/stefanini/.m2/repository/org/apache/tomcat/embed/tomcat-embed-core/9.0.21/tomcat-embed-core-9.0.21.jar:/home/stefanini/.m2/repository/org/apache/tomcat/embed/tomcat-embed-el/9.0.21/tomcat-embed-el-9.0.21.jar:/home/stefanini/.m2/repository/org/apache/tomcat/embed/tomcat-embed-websocket/9.0.21/tomcat-embed-websocket-9.0.21.jar:/home/stefanini/.m2/repository/org/hibernate/validator/hibernate-validator/6.0.17.Final/hibernate-validator-6.0.17.Final.jar:/home/stefanini/.m2/repository/javax/validation/validation-api/2.0.1.Final/validation-api-2.0.1.Final.jar:/home/stefanini/.m2/repository/com/fasterxml/classmate/1.4.0/classmate-1.4.0.jar:/home/stefanini/.m2/repository/org/springframework/spring-web/5.1.8.RELEASE/spring-web-5.1.8.RELEASE.jar:/home/stefanini/.m2/repository/org/springframework/spring-webmvc/5.1.8.RELEASE/spring-webmvc-5.1.8.RELEASE.jar:/home/stefanini/.m2/repository/org/springframework/spring-aop/5.1.8.RELEASE/spring-aop-5.1.8.RELEASE.jar:/home/stefanini/.m2/repository/org/springframework/spring-context/5.1.8.RELEASE/spring-context-5.1.8.RELEASE.jar:/home/stefanini/.m2/repository/org/springframework/spring-expression/5.1.8.RELEASE/spring-expression-5.1.8.RELEASE.jar:/home/stefanini/.m2/repository/org/springframework/boot/spring-boot-devtools/2.1.6.RELEASE/spring-boot-devtools-2.1.6.RELEASE.jar:/home/stefanini/.m2/repository/org/springframework/boot/spring-boot/2.1.6.RELEASE/spring-boot-2.1.6.RELEASE.jar:/home/stefanini/.m2/repository/org/springframework/boot/spring-boot-autoconfigure/2.1.6.RELEASE/spring-boot-autoconfigure-2.1.6.RELEASE.jar:/home/stefanini/.m2/repository/org/projectlombok/lombok/1.18.8/lombok-1.18.8.jar:/home/stefanini/.m2/repository/org/springframework/boot/spring-boot-starter-test/2.1.6.RELEASE/spring-boot-starter-test-2.1.6.RELEASE.jar:/home/stefanini/.m2/repository/org/springframework/boot/spring-boot-test/2.1.6.RELEASE/spring-boot-test-2.1.6.RELEASE.jar:/home/stefanini/.m2/repository/org/springframework/boot/spring-boot-test-autoconfigure/2.1.6.RELEASE/spring-boot-test-autoconfigure-2.1.6.RELEASE.jar:/home/stefanini/.m2/repository/com/jayway/jsonpath/json-path/2.4.0/json-path-2.4.0.jar:/home/stefanini/.m2/repository/net/minidev/json-smart/2.3/json-smart-2.3.jar:/home/stefanini/.m2/repository/net/minidev/accessors-smart/1.2/accessors-smart-1.2.jar:/home/stefanini/.m2/repository/org/ow2/asm/asm/5.0.4/asm-5.0.4.jar:/home/stefanini/.m2/repository/org/slf4j/slf4j-api/1.7.26/slf4j-api-1.7.26.jar:/home/stefanini/.m2/repository/junit/junit/4.12/junit-4.12.jar:/home/stefanini/.m2/repository/org/assertj/assertj-core/3.11.1/assertj-core-3.11.1.jar:/home/stefanini/.m2/repository/org/mockito/mockito-core/2.23.4/mockito-core-2.23.4.jar:/home/stefanini/.m2/repository/net/bytebuddy/byte-buddy/1.9.13/byte-buddy-1.9.13.jar:/home/stefanini/.m2/repository/net/bytebuddy/byte-buddy-agent/1.9.13/byte-buddy-agent-1.9.13.jar:/home/stefanini/.m2/repository/org/objenesis/objenesis/2.6/objenesis-2.6.jar:/home/stefanini/.m2/repository/org/hamcrest/hamcrest-core/1.3/hamcrest-core-1.3.jar:/home/stefanini/.m2/repository/org/hamcrest/hamcrest-library/1.3/hamcrest-library-1.3.jar:/home/stefanini/.m2/repository/org/skyscreamer/jsonassert/1.5.0/jsonassert-1.5.0.jar:/home/stefanini/.m2/repository/com/vaadin/external/google/android-json/0.0.20131108.vaadin1/android-json-0.0.20131108.vaadin1.jar:/home/stefanini/.m2/repository/org/springframework/spring-core/5.1.8.RELEASE/spring-core-5.1.8.RELEASE.jar:/home/stefanini/.m2/repository/org/springframework/spring-jcl/5.1.8.RELEASE/spring-jcl-5.1.8.RELEASE.jar:/home/stefanini/.m2/repository/org/springframework/spring-test/5.1.8.RELEASE/spring-test-5.1.8.RELEASE.jar:/home/stefanini/.m2/repository/org/xmlunit/xmlunit-core/2.6.2/xmlunit-core-2.6.2.jar:/home/stefanini/.m2/repository/javax/xml/bind/jaxb-api/2.3.1/jaxb-api-2.3.1.jar:/home/stefanini/.m2/repository/javax/activation/javax.activation-api/1.2.0/javax.activation-api-1.2.0.jar:"/>
    <property name="java.vm.vendor" value="Ubuntu"/>
    <property name="sun.arch.data.model" value="64"/>
    <property name="java.vendor.url" value="https://ubuntu.com/"/>
    <property name="user.timezone" value=""/>
    <property name="user.country.format" value="BR"/>
    <property name="java.vm.specification.version" value="11"/>
    <property name="os.name" value="Linux"/>
    <property name="sun.java.launcher" value="SUN_STANDARD"/>
    <property name="user.country" value="US"/>
    <property name="sun.boot.library.path" value="/usr/lib/jvm/java-11-openjdk-amd64/lib"/>
    <property name="sun.java.command" value="/home/stefanini/Workspaces/java-workspace/sfg-jms/target/surefire/surefirebooter1555646000048291683.jar /home/stefanini/Workspaces/java-workspace/sfg-jms/target/surefire 2023-09-10T16-41-27_075-jvmRun1 surefire5831158362050023162tmp surefire_03950938562758192935tmp"/>
    <property name="jdk.debug" value="release"/>
    <property name="surefire.test.class.path" value="/home/stefanini/Workspaces/java-workspace/sfg-jms/target/test-classes:/home/stefanini/Workspaces/java-workspace/sfg-jms/target/classes:/home/stefanini/.m2/repository/org/springframework/boot/spring-boot-starter-artemis/2.1.6.RELEASE/spring-boot-starter-artemis-2.1.6.RELEASE.jar:/home/stefanini/.m2/repository/org/springframework/boot/spring-boot-starter/2.1.6.RELEASE/spring-boot-starter-2.1.6.RELEASE.jar:/home/stefanini/.m2/repository/org/springframework/boot/spring-boot-starter-logging/2.1.6.RELEASE/spring-boot-starter-logging-2.1.6.RELEASE.jar:/home/stefanini/.m2/repository/ch/qos/logback/logback-classic/1.2.3/logback-classic-1.2.3.jar:/home/stefanini/.m2/repository/ch/qos/logback/logback-core/1.2.3/logback-core-1.2.3.jar:/home/stefanini/.m2/repository/org/apache/logging/log4j/log4j-to-slf4j/2.11.2/log4j-to-slf4j-2.11.2.jar:/home/stefanini/.m2/repository/org/apache/logging/log4j/log4j-api/2.11.2/log4j-api-2.11.2.jar:/home/stefanini/.m2/repository/org/slf4j/jul-to-slf4j/1.7.26/jul-to-slf4j-1.7.26.jar:/home/stefanini/.m2/repository/javax/annotation/javax.annotation-api/1.3.2/javax.annotation-api-1.3.2.jar:/home/stefanini/.m2/repository/org/yaml/snakeyaml/1.23/snakeyaml-1.23.jar:/home/stefanini/.m2/repository/org/springframework/spring-jms/5.1.8.RELEASE/spring-jms-5.1.8.RELEASE.jar:/home/stefanini/.m2/repository/org/springframework/spring-beans/5.1.8.RELEASE/spring-beans-5.1.8.RELEASE.jar:/home/stefanini/.m2/repository/org/springframework/spring-messaging/5.1.8.RELEASE/spring-messaging-5.1.8.RELEASE.jar:/home/stefanini/.m2/repository/org/springframework/spring-tx/5.1.8.RELEASE/spring-tx-5.1.8.RELEASE.jar:/home/stefanini/.m2/repository/org/apache/activemq/artemis-jms-client/2.6.4/artemis-jms-client-2.6.4.jar:/home/stefanini/.m2/repository/javax/jms/javax.jms-api/2.0.1/javax.jms-api-2.0.1.jar:/home/stefanini/.m2/repository/javax/json/javax.json-api/1.1.4/javax.json-api-1.1.4.jar:/home/stefanini/.m2/repository/org/apache/activemq/artemis-server/2.6.4/artemis-server-2.6.4.jar:/home/stefanini/.m2/repository/org/jboss/logging/jboss-logging/3.3.2.Final/jboss-logging-3.3.2.Final.jar:/home/stefanini/.m2/repository/org/jboss/logmanager/jboss-logmanager/2.0.3.Final/jboss-logmanager-2.0.3.Final.jar:/home/stefanini/.m2/repository/org/apache/activemq/artemis-commons/2.6.4/artemis-commons-2.6.4.jar:/home/stefanini/.m2/repository/org/apache/activemq/artemis-selector/2.6.4/artemis-selector-2.6.4.jar:/home/stefanini/.m2/repository/org/apache/activemq/artemis-journal/2.6.4/artemis-journal-2.6.4.jar:/home/stefanini/.m2/repository/org/apache/activemq/artemis-jdbc-store/2.6.4/artemis-jdbc-store-2.6.4.jar:/home/stefanini/.m2/repository/org/apache/activemq/artemis-core-client/2.6.4/artemis-core-client-2.6.4.jar:/home/stefanini/.m2/repository/org/jgroups/jgroups/3.6.13.Final/jgroups-3.6.13.Final.jar:/home/stefanini/.m2/repository/org/apache/johnzon/johnzon-core/1.1.12/johnzon-core-1.1.12.jar:/home/stefanini/.m2/repository/org/apache/activemq/artemis-native/2.6.4/artemis-native-2.6.4.jar:/home/stefanini/.m2/repository/io/netty/netty-buffer/4.1.36.Final/netty-buffer-4.1.36.Final.jar:/home/stefanini/.m2/repository/io/netty/netty-transport/4.1.36.Final/netty-transport-4.1.36.Final.jar:/home/stefanini/.m2/repository/io/netty/netty-resolver/4.1.36.Final/netty-resolver-4.1.36.Final.jar:/home/stefanini/.m2/repository/io/netty/netty-codec-http/4.1.36.Final/netty-codec-http-4.1.36.Final.jar:/home/stefanini/.m2/repository/io/netty/netty-common/4.1.36.Final/netty-common-4.1.36.Final.jar:/home/stefanini/.m2/repository/io/netty/netty-handler/4.1.36.Final/netty-handler-4.1.36.Final.jar:/home/stefanini/.m2/repository/io/netty/netty-transport-native-epoll/4.1.36.Final/netty-transport-native-epoll-4.1.36.Final-linux-x86_64.jar:/home/stefanini/.m2/repository/io/netty/netty-transport-native-unix-common/4.1.36.Final/netty-transport-native-unix-common-4.1.36.Final.jar:/home/stefanini/.m2/repository/io/netty/netty-transport-native-kqueue/4.1.36.Final/netty-transport-native-kqueue-4.1.36.Final-osx-x86_64.jar:/home/stefanini/.m2/repository/io/netty/netty-codec/4.1.36.Final/netty-codec-4.1.36.Final.jar:/home/stefanini/.m2/repository/commons-beanutils/commons-beanutils/1.9.3/commons-beanutils-1.9.3.jar:/home/stefanini/.m2/repository/commons-collections/commons-collections/3.2.2/commons-collections-3.2.2.jar:/home/stefanini/.m2/repository/commons-io/commons-io/2.6/commons-io-2.6.jar:/home/stefanini/.m2/repository/org/apache/activemq/artemis-jms-server/2.6.4/artemis-jms-server-2.6.4.jar:/home/stefanini/.m2/repository/org/apache/activemq/artemis-service-extensions/2.6.4/artemis-service-extensions-2.6.4.jar:/home/stefanini/.m2/repository/org/apache/geronimo/specs/geronimo-jms_2.0_spec/1.0-alpha-2/geronimo-jms_2.0_spec-1.0-alpha-2.jar:/home/stefanini/.m2/repository/org/apache/geronimo/specs/geronimo-jta_1.1_spec/1.1.1/geronimo-jta_1.1_spec-1.1.1.jar:/home/stefanini/.m2/repository/org/springframework/boot/spring-boot-starter-web/2.1.6.RELEASE/spring-boot-starter-web-2.1.6.RELEASE.jar:/home/stefanini/.m2/repository/org/springframework/boot/spring-boot-starter-json/2.1.6.RELEASE/spring-boot-starter-json-2.1.6.RELEASE.jar:/home/stefanini/.m2/repository/com/fasterxml/jackson/core/jackson-databind/2.9.9/jackson-databind-2.9.9.jar:/home/stefanini/.m2/repository/com/fasterxml/jackson/core/jackson-annotations/2.9.0/jackson-annotations-2.9.0.jar:/home/stefanini/.m2/repository/com/fasterxml/jackson/core/jackson-core/2.9.9/jackson-core-2.9.9.jar:/home/stefanini/.m2/repository/com/fasterxml/jackson/datatype/jackson-datatype-jdk8/2.9.9/jackson-datatype-jdk8-2.9.9.jar:/home/stefanini/.m2/repository/com/fasterxml/jackson/datatype/jackson-datatype-jsr310/2.9.9/jackson-datatype-jsr310-2.9.9.jar:/home/stefanini/.m2/repository/com/fasterxml/jackson/module/jackson-module-parameter-names/2.9.9/jackson-module-parameter-names-2.9.9.jar:/home/stefanini/.m2/repository/org/springframework/boot/spring-boot-starter-tomcat/2.1.6.RELEASE/spring-boot-starter-tomcat-2.1.6.RELEASE.jar:/home/stefanini/.m2/repository/org/apache/tomcat/embed/tomcat-embed-core/9.0.21/tomcat-embed-core-9.0.21.jar:/home/stefanini/.m2/repository/org/apache/tomcat/embed/tomcat-embed-el/9.0.21/tomcat-embed-el-9.0.21.jar:/home/stefanini/.m2/repository/org/apache/tomcat/embed/tomcat-embed-websocket/9.0.21/tomcat-embed-websocket-9.0.21.jar:/home/stefanini/.m2/repository/org/hibernate/validator/hibernate-validator/6.0.17.Final/hibernate-validator-6.0.17.Final.jar:/home/stefanini/.m2/repository/javax/validation/validation-api/2.0.1.Final/validation-api-2.0.1.Final.jar:/home/stefanini/.m2/repository/com/fasterxml/classmate/1.4.0/classmate-1.4.0.jar:/home/stefanini/.m2/repository/org/springframework/spring-web/5.1.8.RELEASE/spring-web-5.1.8.RELEASE.jar:/home/stefanini/.m2/repository/org/springframework/spring-webmvc/5.1.8.RELEASE/spring-webmvc-5.1.8.RELEASE.jar:/home/stefanini/.m2/repository/org/springframework/spring-aop/5.1.8.RELEASE/spring-aop-5.1.8.RELEASE.jar:/home/stefanini/.m2/repository/org/springframework/spring-context/5.1.8.RELEASE/spring-context-5.1.8.RELEASE.jar:/home/stefanini/.m2/repository/org/springframework/spring-expression/5.1.8.RELEASE/spring-expression-5.1.8.RELEASE.jar:/home/stefanini/.m2/repository/org/springframework/boot/spring-boot-devtools/2.1.6.RELEASE/spring-boot-devtools-2.1.6.RELEASE.jar:/home/stefanini/.m2/repository/org/springframework/boot/spring-boot/2.1.6.RELEASE/spring-boot-2.1.6.RELEASE.jar:/home/stefanini/.m2/repository/org/springframework/boot/spring-boot-autoconfigure/2.1.6.RELEASE/spring-boot-autoconfigure-2.1.6.RELEASE.jar:/home/stefanini/.m2/repository/org/projectlombok/lombok/1.18.8/lombok-1.18.8.jar:/home/stefanini/.m2/repository/org/springframework/boot/spring-boot-starter-test/2.1.6.RELEASE/spring-boot-starter-test-2.1.6.RELEASE.jar:/home/stefanini/.m2/repository/org/springframework/boot/spring-boot-test/2.1.6.RELEASE/spring-boot-test-2.1.6.RELEASE.jar:/home/stefanini/.m2/repository/org/springframework/boot/spring-boot-test-autoconfigure/2.1.6.RELEASE/spring-boot-test-autoconfigure-2.1.6.RELEASE.jar:/home/stefanini/.m2/repository/com/jayway/jsonpath/json-path/2.4.0/json-path-2.4.0.jar:/home/stefanini/.m2/repository/net/minidev/json-smart/2.3/json-smart-2.3.jar:/home/stefanini/.m2/repository/net/minidev/accessors-smart/1.2/accessors-smart-1.2.jar:/home/stefanini/.m2/repository/org/ow2/asm/asm/5.0.4/asm-5.0.4.jar:/home/stefanini/.m2/repository/org/slf4j/slf4j-api/1.7.26/slf4j-api-1.7.26.jar:/home/stefanini/.m2/repository/junit/junit/4.12/junit-4.12.jar:/home/stefanini/.m2/repository/org/assertj/assertj-core/3.11.1/assertj-core-3.11.1.jar:/home/stefanini/.m2/repository/org/mockito/mockito-core/2.23.4/mockito-core-2.23.4.jar:/home/stefanini/.m2/repository/net/bytebuddy/byte-buddy/1.9.13/byte-buddy-1.9.13.jar:/home/stefanini/.m2/repository/net/bytebuddy/byte-buddy-agent/1.9.13/byte-buddy-agent-1.9.13.jar:/home/stefanini/.m2/repository/org/objenesis/objenesis/2.6/objenesis-2.6.jar:/home/stefanini/.m2/repository/org/hamcrest/hamcrest-core/1.3/hamcrest-core-1.3.jar:/home/stefanini/.m2/repository/org/hamcrest/hamcrest-library/1.3/hamcrest-library-1.3.jar:/home/stefanini/.m2/repository/org/skyscreamer/jsonassert/1.5.0/jsonassert-1.5.0.jar:/home/stefanini/.m2/repository/com/vaadin/external/google/android-json/0.0.20131108.vaadin1/android-json-0.0.20131108.vaadin1.jar:/home/stefanini/.m2/repository/org/springframework/spring-core/5.1.8.RELEASE/spring-core-5.1.8.RELEASE.jar:/home/stefanini/.m2/repository/org/springframework/spring-jcl/5.1.8.RELEASE/spring-jcl-5.1.8.RELEASE.jar:/home/stefanini/.m2/repository/org/springframework/spring-test/5.1.8.RELEASE/spring-test-5.1.8.RELEASE.jar:/home/stefanini/.m2/repository/org/xmlunit/xmlunit-core/2.6.2/xmlunit-core-2.6.2.jar:/home/stefanini/.m2/repository/javax/xml/bind/jaxb-api/2.3.1/jaxb-api-2.3.1.jar:/home/stefanini/.m2/repository/javax/activation/javax.activation-api/1.2.0/javax.activation-api-1.2.0.jar:"/>
    <property name="sun.cpu.endian" value="little"/>
    <property name="user.home" value="/home/stefanini"/>
    <property name="user.language" value="en"/>
    <property name="java.specification.vendor" value="Oracle Corporation"/>
    <property name="java.version.date" value="2023-08-24"/>
    <property name="java.home" value="/usr/lib/jvm/java-11-openjdk-amd64"/>
    <property name="file.separator" value="/"/>
    <property name="basedir" value="/home/stefanini/Workspaces/java-workspace/sfg-jms"/>
    <property name="java.vm.compressedOopsMode" value="Zero based"/>
    <property name="line.separator" value="&#10;"/>
    <property name="java.specification.name" value="Java Platform API Specification"/>
    <property name="java.vm.specification.vendor" value="Oracle Corporation"/>
    <property name="java.awt.graphicsenv" value="sun.awt.X11GraphicsEnvironment"/>
    <property name="surefire.real.class.path" value="/home/stefanini/Workspaces/java-workspace/sfg-jms/target/surefire/surefirebooter1555646000048291683.jar"/>
    <property name="sun.management.compiler" value="HotSpot 64-Bit Tiered Compilers"/>
    <property name="java.runtime.version" value="11.0.20.1+1-post-Ubuntu-0ubuntu122.04"/>
    <property name="user.name" value="stefanini"/>
    <property name="path.separator" value=":"/>
    <property name="os.version" value="6.2.0-31-generic"/>
    <property name="java.runtime.name" value="OpenJDK Runtime Environment"/>
    <property name="file.encoding" value="UTF-8"/>
    <property name="java.vm.name" value="OpenJDK 64-Bit Server VM"/>
    <property name="localRepository" value="/home/stefanini/.m2/repository"/>
    <property name="java.vendor.url.bug" value="https://bugs.launchpad.net/ubuntu/+source/openjdk-lts"/>
    <property name="java.io.tmpdir" value="/tmp"/>
    <property name="idea.version" value="2023.2.1"/>
    <property name="java.version" value="11.0.20.1"/>
    <property name="user.dir" value="/home/stefanini/Workspaces/java-workspace/sfg-jms"/>
    <property name="os.arch" value="amd64"/>
    <property name="java.vm.specification.name" value="Java Virtual Machine Specification"/>
    <property name="java.awt.printerjob" value="sun.print.PSPrinterJob"/>
    <property name="user.language.format" value="pt"/>
    <property name="sun.os.patch.level" value="unknown"/>
    <property name="java.library.path" value="/usr/java/packages/lib:/usr/lib/x86_64-linux-gnu/jni:/lib/x86_64-linux-gnu:/usr/lib/x86_64-linux-gnu:/usr/lib/jni:/lib:/usr/lib"/>
    <property name="java.vm.info" value="mixed mode, sharing"/>
    <property name="java.vendor" value="Ubuntu"/>
    <property name="java.vm.version" value="11.0.20.1+1-post-Ubuntu-0ubuntu122.04"/>
    <property name="java.specification.maintenance.version" value="2"/>
    <property name="sun.io.unicode.encoding" value="UnicodeLittle"/>
    <property name="java.class.version" value="55.0"/>
  </properties>
  <testcase name="contextLoads" classname="guru.springframework.sfgjms.SfgJmsApplicationTests" time="0.262"/>
</testsuite>